DEBUG   |180216 07:12:47|Fetching filter data from database
DEBUG   |180216 07:12:47|Loading filters
DEBUG   |180216 07:12:47|-- Loading filter Extradirs
DEBUG   |180216 07:12:47|-- Loading filter Regexdirectories
DEBUG   |180216 07:12:47|-- Loading filter Skipdirs
DEBUG   |180216 07:12:47|-- Loading filter Incremental
DEBUG   |180216 07:12:47|-- Loading filter Skipfiles
DEBUG   |180216 07:12:47|-- Loading filter Regextables
DEBUG   |180216 07:12:47|-- Loading filter Directories
DEBUG   |180216 07:12:47|-- Loading filter Tabledata
DEBUG   |180216 07:12:47|-- Loading filter Regexskipfiles
DEBUG   |180216 07:12:47|-- Loading filter Files
DEBUG   |180216 07:12:47|-- Loading filter Multidb
DEBUG   |180216 07:12:47|-- Loading filter Regexskipdirs
DEBUG   |180216 07:12:47|-- Loading filter Regextabledata
DEBUG   |180216 07:12:47|-- Loading filter Tables
DEBUG   |180216 07:12:47|-- Loading filter Regexfiles
DEBUG   |180216 07:12:47|-- Loading filter Excludefolders
DEBUG   |180216 07:12:47|-- Loading filter Excludetabledata
DEBUG   |180216 07:12:47|-- Loading filter Libraries
DEBUG   |180216 07:12:47|-- Loading filter Sitedb
DEBUG   |180216 07:12:47|-- Loading filter Joomlaskipfiles
DEBUG   |180216 07:12:47|-- Loading filter Joomlaskipdirs
DEBUG   |180216 07:12:47|-- Loading filter Systemcachefiles
DEBUG   |180216 07:12:47|-- Loading filter Excludefiles
DEBUG   |180216 07:12:47|-- Loading filter Cvsfolders
DEBUG   |180216 07:12:47|-- Loading filter Siteroot
DEBUG   |180216 07:12:47|Loading optional filters
DEBUG   |180216 07:12:47|-- Loading optional filter Stack\StackHoststats
DEBUG   |180216 07:12:47|-- Loading optional filter Stack\StackErrorlogs
DEBUG   |180216 07:12:47|-- Loading optional filter Stack\StackMyjoomla
DEBUG   |180216 07:12:47|-- Loading optional filter Stack\StackFinder
DEBUG   |180216 07:14:20|Fetching filter data from database
DEBUG   |180216 07:14:20|Loading filters
DEBUG   |180216 07:14:20|-- Loading filter Extradirs
DEBUG   |180216 07:14:20|-- Loading filter Regexdirectories
DEBUG   |180216 07:14:20|-- Loading filter Skipdirs
DEBUG   |180216 07:14:20|-- Loading filter Incremental
DEBUG   |180216 07:14:20|-- Loading filter Skipfiles
DEBUG   |180216 07:14:20|-- Loading filter Regextables
DEBUG   |180216 07:14:20|-- Loading filter Directories
DEBUG   |180216 07:14:20|-- Loading filter Tabledata
DEBUG   |180216 07:14:20|-- Loading filter Regexskipfiles
DEBUG   |180216 07:14:20|-- Loading filter Files
DEBUG   |180216 07:14:20|-- Loading filter Multidb
DEBUG   |180216 07:14:20|-- Loading filter Regexskipdirs
DEBUG   |180216 07:14:20|-- Loading filter Regextabledata
DEBUG   |180216 07:14:20|-- Loading filter Tables
DEBUG   |180216 07:14:20|-- Loading filter Regexfiles
DEBUG   |180216 07:14:20|-- Loading filter Excludefolders
DEBUG   |180216 07:14:20|-- Loading filter Excludetabledata
DEBUG   |180216 07:14:20|-- Loading filter Libraries
DEBUG   |180216 07:14:20|-- Loading filter Sitedb
DEBUG   |180216 07:14:20|-- Loading filter Joomlaskipfiles
DEBUG   |180216 07:14:20|-- Loading filter Joomlaskipdirs
DEBUG   |180216 07:14:20|-- Loading filter Systemcachefiles
DEBUG   |180216 07:14:20|-- Loading filter Excludefiles
DEBUG   |180216 07:14:20|-- Loading filter Cvsfolders
DEBUG   |180216 07:14:20|-- Loading filter Siteroot
DEBUG   |180216 07:14:20|Loading optional filters
DEBUG   |180216 07:14:20|-- Loading optional filter Stack\StackHoststats
DEBUG   |180216 07:14:20|-- Loading optional filter Stack\StackErrorlogs
DEBUG   |180216 07:14:20|-- Loading optional filter Stack\StackMyjoomla
DEBUG   |180216 07:14:20|-- Loading optional filter Stack\StackFinder
